2013-06-10 22:03:21.767 Rhymes[49356:c07] Multi-tasking -> Device: YES, App: YES
2013-06-10 22:03:21.996 Rhymes[49356:c07] Resetting plugins due to page load.
2013-06-10 22:03:22.107 Rhymes[49356:c07] Finished load of: file:///Users/bspaulding/Library/Application%20Support/iPhone%20Simulator/6.1/Applications/F77BC93F-86BC-43F3-8BFA-9A8EFECBF819/Rhymes.app/www/index.html
2013-06-10 22:03:22.126 Rhymes[49356:c07] DEPRECATION NOTICE: The Connection ReachableViaWWAN return value of '2g' is deprecated as of Cordova version 2.6.0 and will be changed to 'cellular' in a future release. 
2013-06-10 22:03:22.169 Rhymes[49356:c07] Received Event: deviceready
2013-06-10 22:04:21.943 Rhymes[49593:c07] Multi-tasking -> Device: YES, App: YES
2013-06-10 22:04:22.016 Rhymes[49593:c07] Resetting plugins due to page load.
2013-06-10 22:04:22.071 Rhymes[49593:c07] Finished load of: file:///Users/bspaulding/Library/Application%20Support/iPhone%20Simulator/6.1/Applications/F77BC93F-86BC-43F3-8BFA-9A8EFECBF819/Rhymes.app/www/index.html
2013-06-10 22:07:07.309 Rhymes[49825:c07] Multi-tasking -> Device: YES, App: YES
2013-06-10 22:07:07.384 Rhymes[49825:c07] Resetting plugins due to page load.
2013-06-10 22:07:07.442 Rhymes[49825:c07] Finished load of: file:///Users/bspaulding/Library/Application%20Support/iPhone%20Simulator/6.1/Applications/F77BC93F-86BC-43F3-8BFA-9A8EFECBF819/Rhymes.app/www/index.html
2013-06-10 22:07:07.474 Rhymes[49825:c07] DEPRECATION NOTICE: The Connection ReachableViaWWAN return value of '2g' is deprecated as of Cordova version 2.6.0 and will be changed to 'cellular' in a future release. 
2013-06-10 22:07:36.086 Rhymes[49878:c07] Multi-tasking -> Device: YES, App: YES
2013-06-10 22:07:36.193 Rhymes[49878:c07] Resetting plugins due to page load.
2013-06-10 22:07:36.255 Rhymes[49878:c07] Finished load of: file:///Users/bspaulding/Library/Application%20Support/iPhone%20Simulator/6.1/Applications/F77BC93F-86BC-43F3-8BFA-9A8EFECBF819/Rhymes.app/www/index.html
2013-06-10 22:07:36.289 Rhymes[49878:c07] DEPRECATION NOTICE: The Connection ReachableViaWWAN return value of '2g' is deprecated as of Cordova version 2.6.0 and will be changed to 'cellular' in a future release. 
2013-06-10 22:09:14.251 Rhymes[49907:c07] Multi-tasking -> Device: YES, App: YES
2013-06-10 22:09:14.355 Rhymes[49907:c07] Resetting plugins due to page load.
Terminating in response to SpringBoard's termination.
2013-06-10 22:09:39.379 Rhymes[49960:c07] Multi-tasking -> Device: YES, App: YES
2013-06-10 22:09:39.429 Rhymes[49960:c07] Resetting plugins due to page load.
2013-06-10 22:11:10.094 Rhymes[49960:2803] void SendDelegateMessage(NSInvocation *): delegate (webView:runJavaScriptAlertPanelWithMessage:initiatedByFrame:) failed to return after waiting 10 seconds. main run loop mode: kCFRunLoopDefaultMode
2013-06-10 22:11:10.107 Rhymes[49960:c07] Finished load of: file:///Users/bspaulding/Library/Application%20Support/iPhone%20Simulator/6.1/Applications/F77BC93F-86BC-43F3-8BFA-9A8EFECBF819/Rhymes.app/www/index.html
2013-06-10 22:11:10.127 Rhymes[49960:c07] DEPRECATION NOTICE: The Connection ReachableViaWWAN return value of '2g' is deprecated as of Cordova version 2.6.0 and will be changed to 'cellular' in a future release. 
2013-06-10 22:12:04.806 Rhymes[49994:c07] Multi-tasking -> Device: YES, App: YES
2013-06-10 22:12:04.847 Rhymes[49994:c07] Resetting plugins due to page load.
2013-06-10 22:12:06.961 Rhymes[49994:c07] Finished load of: file:///Users/bspaulding/Library/Application%20Support/iPhone%20Simulator/6.1/Applications/F77BC93F-86BC-43F3-8BFA-9A8EFECBF819/Rhymes.app/www/index.html
2013-06-10 22:12:06.984 Rhymes[49994:c07] DEPRECATION NOTICE: The Connection ReachableViaWWAN return value of '2g' is deprecated as of Cordova version 2.6.0 and will be changed to 'cellular' in a future release. 
2013-06-10 22:13:21.474 Rhymes[50075:c07] Multi-tasking -> Device: YES, App: YES
2013-06-10 22:13:21.513 Rhymes[50075:c07] Resetting plugins due to page load.
2013-06-10 22:13:21.573 Rhymes[50075:c07] Finished load of: file:///Users/bspaulding/Library/Application%20Support/iPhone%20Simulator/6.1/Applications/F77BC93F-86BC-43F3-8BFA-9A8EFECBF819/Rhymes.app/www/index.html
2013-06-10 22:13:21.593 Rhymes[50075:c07] DEPRECATION NOTICE: The Connection ReachableViaWWAN return value of '2g' is deprecated as of Cordova version 2.6.0 and will be changed to 'cellular' in a future release. 
2013-06-10 22:16:33.076 Rhymes[50370:c07] Multi-tasking -> Device: YES, App: YES
2013-06-10 22:16:33.109 Rhymes[50370:c07] Resetting plugins due to page load.
2013-06-10 22:16:33.164 Rhymes[50370:c07] Finished load of: file:///Users/bspaulding/Library/Application%20Support/iPhone%20Simulator/6.1/Applications/F77BC93F-86BC-43F3-8BFA-9A8EFECBF819/Rhymes.app/www/index.html
2013-06-10 22:16:33.182 Rhymes[50370:c07] ERROR: Plugin 'Device' not found, or is not a CDVPlugin. Check your plugin mapping in config.xml.
2013-06-10 22:16:33.183 Rhymes[50370:c07] -[CDVCommandQueue executePending] [Line 116] FAILED pluginJSON = [
  "Device756789592",
  "Device",
  "getDeviceInfo",
  [

  ]
]
2013-06-10 22:16:33.183 Rhymes[50370:c07] ERROR: Plugin 'NetworkStatus' not found, or is not a CDVPlugin. Check your plugin mapping in config.xml.
2013-06-10 22:16:33.183 Rhymes[50370:c07] -[CDVCommandQueue executePending] [Line 116] FAILED pluginJSON = [
  "NetworkStatus756789593",
  "NetworkStatus",
  "getConnectionInfo",
  [

  ]
]
2013-06-10 22:16:45.659 Rhymes[50396:c07] Multi-tasking -> Device: YES, App: YES
2013-06-10 22:16:45.692 Rhymes[50396:c07] Resetting plugins due to page load.
2013-06-10 22:16:45.750 Rhymes[50396:c07] Finished load of: file:///Users/bspaulding/Library/Application%20Support/iPhone%20Simulator/6.1/Applications/F77BC93F-86BC-43F3-8BFA-9A8EFECBF819/Rhymes.app/www/index.html
2013-06-10 22:16:45.768 Rhymes[50396:c07] ERROR: Plugin 'Device' not found, or is not a CDVPlugin. Check your plugin mapping in config.xml.
2013-06-10 22:16:45.768 Rhymes[50396:c07] -[CDVCommandQueue executePending] [Line 116] FAILED pluginJSON = [
  "Device843730106",
  "Device",
  "getDeviceInfo",
  [

  ]
]
2013-06-10 22:16:45.769 Rhymes[50396:c07] ERROR: Plugin 'NetworkStatus' not found, or is not a CDVPlugin. Check your plugin mapping in config.xml.
2013-06-10 22:16:45.769 Rhymes[50396:c07] -[CDVCommandQueue executePending] [Line 116] FAILED pluginJSON = [
  "NetworkStatus843730107",
  "NetworkStatus",
  "getConnectionInfo",
  [

  ]
]
2013-06-10 22:17:00.126 Rhymes[50420:c07] Multi-tasking -> Device: YES, App: YES
2013-06-10 22:17:00.159 Rhymes[50420:c07] Resetting plugins due to page load.
2013-06-10 22:17:00.216 Rhymes[50420:c07] Finished load of: file:///Users/bspaulding/Library/Application%20Support/iPhone%20Simulator/6.1/Applications/F77BC93F-86BC-43F3-8BFA-9A8EFECBF819/Rhymes.app/www/index.html
2013-06-10 22:17:00.234 Rhymes[50420:c07] ERROR: Plugin 'Device' not found, or is not a CDVPlugin. Check your plugin mapping in config.xml.
2013-06-10 22:17:00.234 Rhymes[50420:c07] -[CDVCommandQueue executePending] [Line 116] FAILED pluginJSON = [
  "Device867593069",
  "Device",
  "getDeviceInfo",
  [

  ]
]
2013-06-10 22:17:00.235 Rhymes[50420:c07] ERROR: Plugin 'NetworkStatus' not found, or is not a CDVPlugin. Check your plugin mapping in config.xml.
2013-06-10 22:17:00.235 Rhymes[50420:c07] -[CDVCommandQueue executePending] [Line 116] FAILED pluginJSON = [
  "NetworkStatus867593070",
  "NetworkStatus",
  "getConnectionInfo",
  [

  ]
]
2013-06-10 22:17:03.782 Rhymes[50442:c07] Multi-tasking -> Device: YES, App: YES
2013-06-10 22:17:03.814 Rhymes[50442:c07] Resetting plugins due to page load.
2013-06-10 22:17:03.871 Rhymes[50442:c07] Finished load of: file:///Users/bspaulding/Library/Application%20Support/iPhone%20Simulator/6.1/Applications/F77BC93F-86BC-43F3-8BFA-9A8EFECBF819/Rhymes.app/www/index.html
2013-06-10 22:17:03.889 Rhymes[50442:c07] ERROR: Plugin 'Device' not found, or is not a CDVPlugin. Check your plugin mapping in config.xml.
2013-06-10 22:17:03.889 Rhymes[50442:c07] -[CDVCommandQueue executePending] [Line 116] FAILED pluginJSON = [
  "Device1074994860",
  "Device",
  "getDeviceInfo",
  [

  ]
]
2013-06-10 22:17:03.890 Rhymes[50442:c07] ERROR: Plugin 'NetworkStatus' not found, or is not a CDVPlugin. Check your plugin mapping in config.xml.
2013-06-10 22:17:03.890 Rhymes[50442:c07] -[CDVCommandQueue executePending] [Line 116] FAILED pluginJSON = [
  "NetworkStatus1074994861",
  "NetworkStatus",
  "getConnectionInfo",
  [

  ]
]
2013-06-10 22:18:24.629 Rhymes[50653:c07] Multi-tasking -> Device: YES, App: YES
2013-06-10 22:18:24.661 Rhymes[50653:c07] Resetting plugins due to page load.
2013-06-10 22:18:24.719 Rhymes[50653:c07] Finished load of: file:///Users/bspaulding/Library/Application%20Support/iPhone%20Simulator/6.1/Applications/F77BC93F-86BC-43F3-8BFA-9A8EFECBF819/Rhymes.app/www/index.html
2013-06-10 22:18:24.736 Rhymes[50653:c07] ERROR: Plugin 'Device' not found, or is not a CDVPlugin. Check your plugin mapping in config.xml.
2013-06-10 22:18:24.737 Rhymes[50653:c07] -[CDVCommandQueue executePending] [Line 116] FAILED pluginJSON = [
  "Device1825075536",
  "Device",
  "getDeviceInfo",
  [

  ]
]
2013-06-10 22:18:24.737 Rhymes[50653:c07] ERROR: Plugin 'NetworkStatus' not found, or is not a CDVPlugin. Check your plugin mapping in config.xml.
2013-06-10 22:18:24.737 Rhymes[50653:c07] -[CDVCommandQueue executePending] [Line 116] FAILED pluginJSON = [
  "NetworkStatus1825075537",
  "NetworkStatus",
  "getConnectionInfo",
  [

  ]
]
2013-06-10 22:23:01.246 Rhymes[50702:c07] Multi-tasking -> Device: YES, App: YES
2013-06-10 22:23:01.285 Rhymes[50702:c07] Resetting plugins due to page load.
2013-06-10 22:23:01.341 Rhymes[50702:c07] Finished load of: file:///Users/bspaulding/Library/Application%20Support/iPhone%20Simulator/6.1/Applications/51CAE4A9-2558-4D3A-B624-38B80B9E714C/Rhymes.app/www/index.html
2013-06-10 22:23:01.360 Rhymes[50702:c07] ERROR: Plugin 'Device' not found, or is not a CDVPlugin. Check your plugin mapping in config.xml.
2013-06-10 22:23:01.360 Rhymes[50702:c07] -[CDVCommandQueue executePending] [Line 116] FAILED pluginJSON = [
  "Device216676278",
  "Device",
  "getDeviceInfo",
  [

  ]
]
2013-06-10 22:23:01.361 Rhymes[50702:c07] ERROR: Plugin 'NetworkStatus' not found, or is not a CDVPlugin. Check your plugin mapping in config.xml.
2013-06-10 22:23:01.361 Rhymes[50702:c07] -[CDVCommandQueue executePending] [Line 116] FAILED pluginJSON = [
  "NetworkStatus216676279",
  "NetworkStatus",
  "getConnectionInfo",
  [

  ]
]
2013-06-15 16:02:21.224 Rhymes[61167:c07] Multi-tasking -> Device: YES, App: YES
2013-06-15 16:02:21.508 Rhymes[61167:c07] Resetting plugins due to page load.
2013-06-15 16:02:21.627 Rhymes[61167:c07] Finished load of: file:///Users/bspaulding/Library/Application%20Support/iPhone%20Simulator/6.1/Applications/73D03843-DB9F-4D6F-A151-E22807A709D1/rhymes.app/www/index.html
2013-06-15 16:07:05.197 Rhymes[61474:c07] Multi-tasking -> Device: YES, App: YES
2013-06-15 16:07:05.251 Rhymes[61474:c07] Resetting plugins due to page load.
2013-06-15 16:07:05.309 Rhymes[61474:c07] Finished load of: file:///Users/bspaulding/Library/Application%20Support/iPhone%20Simulator/6.1/Applications/73D03843-DB9F-4D6F-A151-E22807A709D1/rhymes.app/www/index.html
2013-06-15 16:25:58.801 Rhymes[62216:c07] Multi-tasking -> Device: YES, App: YES
2013-06-15 16:26:15.924 Rhymes[62273:c07] Multi-tasking -> Device: YES, App: YES
2013-06-15 16:26:15.976 Rhymes[62273:c07] Resetting plugins due to page load.
2013-06-15 16:26:16.039 Rhymes[62273:c07] Finished load of: file:///Users/bspaulding/Library/Application%20Support/iPhone%20Simulator/6.1/Applications/73D03843-DB9F-4D6F-A151-E22807A709D1/rhymes.app/www/index.html
2013-06-15 16:29:08.737 Rhymes[63005:c07] Multi-tasking -> Device: YES, App: YES
2013-06-15 16:29:08.773 Rhymes[63005:c07] Resetting plugins due to page load.
2013-06-15 16:29:08.826 Rhymes[63005:c07] Finished load of: file:///Users/bspaulding/Library/Application%20Support/iPhone%20Simulator/6.1/Applications/73D03843-DB9F-4D6F-A151-E22807A709D1/rhymes.app/www/index.html
2013-06-15 16:36:14.030 Rhymes[65549:c07] Multi-tasking -> Device: YES, App: YES
2013-06-15 16:36:14.063 Rhymes[65549:c07] Resetting plugins due to page load.
2013-06-15 16:36:14.116 Rhymes[65549:c07] Finished load of: file:///Users/bspaulding/Library/Application%20Support/iPhone%20Simulator/6.1/Applications/73D03843-DB9F-4D6F-A151-E22807A709D1/rhymes.app/www/index.html
2013-06-15 16:36:52.261 Rhymes[65604:c07] Multi-tasking -> Device: YES, App: YES
2013-06-15 16:36:52.293 Rhymes[65604:c07] Resetting plugins due to page load.
2013-06-15 16:36:52.347 Rhymes[65604:c07] Finished load of: file:///Users/bspaulding/Library/Application%20Support/iPhone%20Simulator/6.1/Applications/73D03843-DB9F-4D6F-A151-E22807A709D1/rhymes.app/www/index.html
2013-06-15 16:36:58.936 Rhymes[65650:c07] Multi-tasking -> Device: YES, App: YES
2013-06-15 16:36:58.970 Rhymes[65650:c07] Resetting plugins due to page load.
2013-06-15 16:36:59.024 Rhymes[65650:c07] Finished load of: file:///Users/bspaulding/Library/Application%20Support/iPhone%20Simulator/6.1/Applications/73D03843-DB9F-4D6F-A151-E22807A709D1/rhymes.app/www/index.html
2013-06-15 16:37:33.351 Rhymes[65706:c07] Multi-tasking -> Device: YES, App: YES
2013-06-15 16:37:33.388 Rhymes[65706:c07] Resetting plugins due to page load.
2013-06-15 16:37:33.444 Rhymes[65706:c07] Finished load of: file:///Users/bspaulding/Library/Application%20Support/iPhone%20Simulator/6.1/Applications/73D03843-DB9F-4D6F-A151-E22807A709D1/rhymes.app/www/index.html
2013-06-15 21:14:39.419 Rhymes[66541:c07] Multi-tasking -> Device: YES, App: YES
2013-06-15 21:14:39.658 Rhymes[66541:c07] Resetting plugins due to page load.
2013-06-15 21:14:39.773 Rhymes[66541:c07] Finished load of: file:///Users/bspaulding/Library/Application%20Support/iPhone%20Simulator/6.1/Applications/73D03843-DB9F-4D6F-A151-E22807A709D1/rhymes.app/www/index.html
Terminating in response to SpringBoard's termination.
2013-06-15 21:14:51.451 Rhymes[66613:c07] Multi-tasking -> Device: YES, App: YES
2013-06-15 21:14:51.497 Rhymes[66613:c07] Resetting plugins due to page load.
2013-06-15 21:14:51.559 Rhymes[66613:c07] Finished load of: file:///Users/bspaulding/Library/Application%20Support/iPhone%20Simulator/6.1/Applications/73D03843-DB9F-4D6F-A151-E22807A709D1/rhymes.app/www/index.html
